# JRE version: OpenJDK Runtime Environment Temurin-21.0.10+7 (21.0.10+7) (build 21.0.10+7-LTS)
# Java VM: OpenJDK 64-Bit Server VM Temurin-21.0.10+7 (21.0.10+7-LTS, mixed mode, sharing, tiered, compressed oops, compressed class ptrs, parallel gc, windows-amd64)
GC Precious Log:
 CardTable entry size: 512
 CPUs: 4 total, 4 available
 Memory: 7557M
 Large Page Support: Disabled
 NUMA Support: Disabled
 Compressed Oops: Enabled (32-bit)
 Alignments: Space 512K, Generation 512K, Heap 2M
 Heap Min Capacity: 100M
 Heap Initial Capacity: 100M
 Heap Max Capacity: 2G
 Pre-touch: Disabled
 Parallel Workers: 4
Heap:
 PSYoungGen      total 3072K, used 2370K [0x00000000d5580000, 0x00000000d5980000, 0x0000000100000000)
  eden space 2560K, 88% used [0x00000000d5580000,0x00000000d57b8b80,0x00000000d5800000)
  from space 512K, 18% used [0x00000000d5900000,0x00000000d5918000,0x00000000d5980000)
  to   space 512K, 0% used [0x00000000d5880000,0x00000000d5880000,0x00000000d5900000)
 ParOldGen       total 625664K, used 625203K [0x0000000080000000, 0x00000000a6300000, 0x00000000d5580000)
  object space 625664K, 99% used [0x0000000080000000,0x00000000a628ce58,0x00000000a6300000)
 Metaspace       used 88307K, committed 89920K, reserved 1179648K
  class space    used 8640K, committed 9344K, reserved 1048576K
GC Heap History (20 events):
Event: 268431.770 GC heap before
{Heap before GC invocations=6117 (full 8):
 PSYoungGen      total 3072K, used 3072K [0x00000000d5580000, 0x00000000d6380000, 0x0000000100000000)
  eden space 512K, 100% used [0x00000000d5580000,0x00000000d5600000,0x00000000d5600000)
  from space 2560K, 100% used [0x00000000d5b00000,0x00000000d5d80000,0x00000000d5d80000)
  to   space 5120K, 0% used [0x00000000d5600000,0x00000000d5600000,0x00000000d5b00000)
 ParOldGen       total 617984K, used 617607K [0x0000000080000000, 0x00000000a5b80000, 0x00000000d5580000)
  object space 617984K, 99% used [0x0000000080000000,0x00000000a5b21c58,0x00000000a5b80000)
 Metaspace       used 88276K, committed 89856K, reserved 1179648K
  class space    used 8640K, committed 9344K, reserved 1048576K
}
Event: 268431.776 GC heap after
{Heap after GC invocations=6117 (full 8):
 PSYoungGen      total 1536K, used 576K [0x00000000d5580000, 0x00000000d5b80000, 0x0000000100000000)
  eden space 512K, 0% used [0x00000000d5580000,0x00000000d5580000,0x00000000d5600000)
  from space 1024K, 56% used [0x00000000d5600000,0x00000000d5690000,0x00000000d5700000)
  to   space 2560K, 0% used [0x00000000d5900000,0x00000000d5900000,0x00000000d5b80000)
 ParOldGen       total 620544K, used 620159K [0x0000000080000000, 0x00000000a5e00000, 0x00000000d5580000)
  object space 620544K, 99% used [0x0000000080000000,0x00000000a5d9fc58,0x00000000a5e00000)
 Metaspace       used 88276K, committed 89856K, reserved 1179648K
  class space    used 8640K, committed 9344K, reserved 1048576K
}
Event: 268431.778 GC heap before
{Heap before GC invocations=6118 (full 8):
 PSYoungGen      total 1536K, used 1088K [0x00000000d5580000, 0x00000000d5b80000, 0x0000000100000000)
  eden space 512K, 100% used [0x00000000d5580000,0x00000000d5600000,0x00000000d5600000)
  from space 1024K, 56% used [0x00000000d5600000,0x00000000d5690000,0x00000000d5700000)
  to   space 2560K, 0% used [0x00000000d5900000,0x00000000d5900000,0x00000000d5b80000)
 ParOldGen       total 620544K, used 620159K [0x0000000080000000, 0x00000000a5e00000, 0x00000000d5580000)
  object space 620544K, 99% used [0x0000000080000000,0x00000000a5d9fc58,0x00000000a5e00000)
 Metaspace       used 88276K, committed 89856K, reserved 1179648K
  class space    used 8640K, committed 9344K, reserved 1048576K
}
Event: 268431.784 GC heap after
{Heap after GC invocations=6118 (full 8):
 PSYoungGen      total 2048K, used 544K [0x00000000d5580000, 0x00000000d5a00000, 0x0000000100000000)
  eden space 1024K, 0% used [0x00000000d5580000,0x00000000d5580000,0x00000000d5680000)
  from space 1024K, 53% used [0x00000000d5900000,0x00000000d5988000,0x00000000d5a00000)
  to   space 1024K, 0% used [0x00000000d5800000,0x00000000d5800000,0x00000000d5900000)
 ParOldGen       total 621056K, used 620655K [0x0000000080000000, 0x00000000a5e80000, 0x00000000d5580000)
  object space 621056K, 99% used [0x0000000080000000,0x00000000a5e1bc58,0x00000000a5e80000)
 Metaspace       used 88276K, committed 89856K, reserved 1179648K
  class space    used 8640K, committed 9344K, reserved 1048576K
}
Event: 268431.789 GC heap before
{Heap before GC invocations=6119 (full 8):
 PSYoungGen      total 2048K, used 1567K [0x00000000d5580000, 0x00000000d5a00000, 0x0000000100000000)
  eden space 1024K, 99% used [0x00000000d5580000,0x00000000d567ff78,0x00000000d5680000)
  from space 1024K, 53% used [0x00000000d5900000,0x00000000d5988000,0x00000000d5a00000)
  to   space 1024K, 0% used [0x00000000d5800000,0x00000000d5800000,0x00000000d5900000)
 ParOldGen       total 621056K, used 620655K [0x0000000080000000, 0x00000000a5e80000, 0x00000000d5580000)
  object space 621056K, 99% used [0x0000000080000000,0x00000000a5e1bc58,0x00000000a5e80000)
 Metaspace       used 88276K, committed 89856K, reserved 1179648K
  class space    used 8640K, committed 9344K, reserved 1048576K
}
Event: 268431.794 GC heap after
{Heap after GC invocations=6119 (full 8):
 PSYoungGen      total 2560K, used 1024K [0x00000000d5580000, 0x00000000d5b00000, 0x0000000100000000)
  eden space 1536K, 0% used [0x00000000d5580000,0x00000000d5580000,0x00000000d5700000)
  from space 1024K, 100% used [0x00000000d5800000,0x00000000d5900000,0x00000000d5900000)
  to   space 2048K, 0% used [0x00000000d5900000,0x00000000d5900000,0x00000000d5b00000)
 ParOldGen       total 621568K, used 621167K [0x0000000080000000, 0x00000000a5f00000, 0x00000000d5580000)
  object space 621568K, 99% used [0x0000000080000000,0x00000000a5e9bc58,0x00000000a5f00000)
 Metaspace       used 88276K, committed 89856K, reserved 1179648K
  class space    used 8640K, committed 9344K, reserved 1048576K
}
Event: 268431.801 GC heap before
{Heap before GC invocations=6120 (full 8):
 PSYoungGen      total 2560K, used 2560K [0x00000000d5580000, 0x00000000d5b00000, 0x0000000100000000)
  eden space 1536K, 100% used [0x00000000d5580000,0x00000000d5700000,0x00000000d5700000)
  from space 1024K, 100% used [0x00000000d5800000,0x00000000d5900000,0x00000000d5900000)
  to   space 2048K, 0% used [0x00000000d5900000,0x00000000d5900000,0x00000000d5b00000)
 ParOldGen       total 621568K, used 621167K [0x0000000080000000, 0x00000000a5f00000, 0x00000000d5580000)
  object space 621568K, 99% used [0x0000000080000000,0x00000000a5e9bc58,0x00000000a5f00000)
 Metaspace       used 88276K, committed 89856K, reserved 1179648K
  class space    used 8640K, committed 9344K, reserved 1048576K
}
Event: 268431.808 GC heap after
{Heap after GC invocations=6120 (full 8):
 PSYoungGen      total 3584K, used 1536K [0x00000000d5580000, 0x00000000d5b80000, 0x0000000100000000)
  eden space 1536K, 0% used [0x00000000d5580000,0x00000000d5580000,0x00000000d5700000)
  from space 2048K, 75% used [0x00000000d5900000,0x00000000d5a80000,0x00000000d5b00000)
  to   space 2048K, 0% used [0x00000000d5700000,0x00000000d5700000,0x00000000d5900000)
 ParOldGen       total 622592K, used 622175K [0x0000000080000000, 0x00000000a6000000, 0x00000000d5580000)
  object space 622592K, 99% used [0x0000000080000000,0x00000000a5f97c58,0x00000000a6000000)
 Metaspace       used 88276K, committed 89856K, reserved 1179648K
  class space    used 8640K, committed 9344K, reserved 1048576K
}
Event: 268431.818 GC heap before
{Heap before GC invocations=6121 (full 8):
 PSYoungGen      total 3584K, used 3072K [0x00000000d5580000, 0x00000000d5b80000, 0x0000000100000000)
  eden space 1536K, 100% used [0x00000000d5580000,0x00000000d5700000,0x00000000d5700000)
  from space 2048K, 75% used [0x00000000d5900000,0x00000000d5a80000,0x00000000d5b00000)
  to   space 2048K, 0% used [0x00000000d5700000,0x00000000d5700000,0x00000000d5900000)
 ParOldGen       total 622592K, used 622175K [0x0000000080000000, 0x00000000a6000000, 0x00000000d5580000)
  object space 622592K, 99% used [0x0000000080000000,0x00000000a5f97c58,0x00000000a6000000)
 Metaspace       used 88276K, committed 89856K, reserved 1179648K
  class space    used 8640K, committed 9344K, reserved 1048576K
}
Event: 268431.823 GC heap after
{Heap after GC invocations=6121 (full 8):
 PSYoungGen      total 3584K, used 1428K [0x00000000d5580000, 0x00000000d5a80000, 0x0000000100000000)
  eden space 1536K, 0% used [0x00000000d5580000,0x00000000d5580000,0x00000000d5700000)
  from space 2048K, 69% used [0x00000000d5700000,0x00000000d5865200,0x00000000d5900000)
  to   space 1536K, 0% used [0x00000000d5900000,0x00000000d5900000,0x00000000d5a80000)
 ParOldGen       total 624128K, used 623719K [0x0000000080000000, 0x00000000a6180000, 0x00000000d5580000)
  object space 624128K, 99% used [0x0000000080000000,0x00000000a6119c58,0x00000000a6180000)
 Metaspace       used 88276K, committed 89856K, reserved 1179648K
  class space    used 8640K, committed 9344K, reserved 1048576K
}
Event: 268431.828 GC heap before
{Heap before GC invocations=6122 (full 8):
 PSYoungGen      total 3584K, used 2964K [0x00000000d5580000, 0x00000000d5a80000, 0x0000000100000000)
  eden space 1536K, 100% used [0x00000000d5580000,0x00000000d5700000,0x00000000d5700000)
  from space 2048K, 69% used [0x00000000d5700000,0x00000000d5865200,0x00000000d5900000)
  to   space 1536K, 0% used [0x00000000d5900000,0x00000000d5900000,0x00000000d5a80000)
 ParOldGen       total 624128K, used 623719K [0x0000000080000000, 0x00000000a6180000, 0x00000000d5580000)
  object space 624128K, 99% used [0x0000000080000000,0x00000000a6119c58,0x00000000a6180000)
 Metaspace       used 88276K, committed 89856K, reserved 1179648K
  class space    used 8640K, committed 9344K, reserved 1048576K
}
Event: 268431.833 GC heap after
{Heap after GC invocations=6122 (full 8):
 PSYoungGen      total 2560K, used 352K [0x00000000d5580000, 0x00000000d5980000, 0x0000000100000000)
  eden space 2048K, 0% used [0x00000000d5580000,0x00000000d5580000,0x00000000d5780000)
  from space 512K, 68% used [0x00000000d5900000,0x00000000d5958000,0x00000000d5980000)
  to   space 1024K, 0% used [0x00000000d5780000,0x00000000d5780000,0x00000000d5880000)
 ParOldGen       total 625152K, used 625043K [0x0000000080000000, 0x00000000a6280000, 0x00000000d5580000)
  object space 625152K, 99% used [0x0000000080000000,0x00000000a6264e58,0x00000000a6280000)
 Metaspace       used 88276K, committed 89856K, reserved 1179648K
  class space    used 8640K, committed 9344K, reserved 1048576K
}
Event: 268441.310 GC heap before
{Heap before GC invocations=6123 (full 8):
 PSYoungGen      total 2560K, used 2400K [0x00000000d5580000, 0x00000000d5980000, 0x0000000100000000)
  eden space 2048K, 100% used [0x00000000d5580000,0x00000000d5780000,0x00000000d5780000)
  from space 512K, 68% used [0x00000000d5900000,0x00000000d5958000,0x00000000d5980000)
  to   space 1024K, 0% used [0x00000000d5780000,0x00000000d5780000,0x00000000d5880000)
 ParOldGen       total 625152K, used 625043K [0x0000000080000000, 0x00000000a6280000, 0x00000000d5580000)
  object space 625152K, 99% used [0x0000000080000000,0x00000000a6264e58,0x00000000a6280000)
 Metaspace       used 88276K, committed 89856K, reserved 1179648K
  class space    used 8640K, committed 9344K, reserved 1048576K
}
Event: 268441.314 GC heap after
{Heap after GC invocations=6123 (full 8):
 PSYoungGen      total 3072K, used 96K [0x00000000d5580000, 0x00000000d5980000, 0x0000000100000000)
  eden space 2048K, 0% used [0x00000000d5580000,0x00000000d5580000,0x00000000d5780000)
  from space 1024K, 9% used [0x00000000d5780000,0x00000000d5798000,0x00000000d5880000)
  to   space 512K, 0% used [0x00000000d5900000,0x00000000d5900000,0x00000000d5980000)
 ParOldGen       total 625152K, used 625067K [0x0000000080000000, 0x00000000a6280000, 0x00000000d5580000)
  object space 625152K, 99% used [0x0000000080000000,0x00000000a626ae58,0x00000000a6280000)
 Metaspace       used 88276K, committed 89856K, reserved 1179648K
  class space    used 8640K, committed 9344K, reserved 1048576K
}
Event: 268456.532 GC heap before
{Heap before GC invocations=6124 (full 8):
 PSYoungGen      total 3072K, used 2138K [0x00000000d5580000, 0x00000000d5980000, 0x0000000100000000)
  eden space 2048K, 99% used [0x00000000d5580000,0x00000000d577e8d8,0x00000000d5780000)
  from space 1024K, 9% used [0x00000000d5780000,0x00000000d5798000,0x00000000d5880000)
  to   space 512K, 0% used [0x00000000d5900000,0x00000000d5900000,0x00000000d5980000)
 ParOldGen       total 625152K, used 625067K [0x0000000080000000, 0x00000000a6280000, 0x00000000d5580000)
  object space 625152K, 99% used [0x0000000080000000,0x00000000a626ae58,0x00000000a6280000)
 Metaspace       used 88277K, committed 89856K, reserved 1179648K
  class space    used 8640K, committed 9344K, reserved 1048576K
}
Event: 268456.536 GC heap after
{Heap after GC invocations=6124 (full 8):
 PSYoungGen      total 3072K, used 160K [0x00000000d5580000, 0x00000000d5980000, 0x0000000100000000)
  eden space 2560K, 0% used [0x00000000d5580000,0x00000000d5580000,0x00000000d5800000)
  from space 512K, 31% used [0x00000000d5900000,0x00000000d5928000,0x00000000d5980000)
  to   space 512K, 0% used [0x00000000d5880000,0x00000000d5880000,0x00000000d5900000)
 ParOldGen       total 625152K, used 625107K [0x0000000080000000, 0x00000000a6280000, 0x00000000d5580000)
  object space 625152K, 99% used [0x0000000080000000,0x00000000a6274e58,0x00000000a6280000)
 Metaspace       used 88277K, committed 89856K, reserved 1179648K
  class space    used 8640K, committed 9344K, reserved 1048576K
}
Event: 268463.467 GC heap before
{Heap before GC invocations=6125 (full 8):
 PSYoungGen      total 3072K, used 2720K [0x00000000d5580000, 0x00000000d5980000, 0x0000000100000000)
  eden space 2560K, 100% used [0x00000000d5580000,0x00000000d5800000,0x00000000d5800000)
  from space 512K, 31% used [0x00000000d5900000,0x00000000d5928000,0x00000000d5980000)
  to   space 512K, 0% used [0x00000000d5880000,0x00000000d5880000,0x00000000d5900000)
 ParOldGen       total 625152K, used 625107K [0x0000000080000000, 0x00000000a6280000, 0x00000000d5580000)
  object space 625152K, 99% used [0x0000000080000000,0x00000000a6274e58,0x00000000a6280000)
 Metaspace       used 88286K, committed 89920K, reserved 1179648K
  class space    used 8640K, committed 9344K, reserved 1048576K
}
Event: 268463.471 GC heap after
{Heap after GC invocations=6125 (full 8):
 PSYoungGen      total 3072K, used 128K [0x00000000d5580000, 0x00000000d5980000, 0x0000000100000000)
  eden space 2560K, 0% used [0x00000000d5580000,0x00000000d5580000,0x00000000d5800000)
  from space 512K, 25% used [0x00000000d5880000,0x00000000d58a0000,0x00000000d5900000)
  to   space 512K, 0% used [0x00000000d5900000,0x00000000d5900000,0x00000000d5980000)
 ParOldGen       total 625664K, used 625187K [0x0000000080000000, 0x00000000a6300000, 0x00000000d5580000)
  object space 625664K, 99% used [0x0000000080000000,0x00000000a6288e58,0x00000000a6300000)
 Metaspace       used 88286K, committed 89920K, reserved 1179648K
  class space    used 8640K, committed 9344K, reserved 1048576K
}
Event: 268728.580 GC heap before
{Heap before GC invocations=6126 (full 8):
 PSYoungGen      total 3072K, used 2688K [0x00000000d5580000, 0x00000000d5980000, 0x0000000100000000)
  eden space 2560K, 100% used [0x00000000d5580000,0x00000000d5800000,0x00000000d5800000)
  from space 512K, 25% used [0x00000000d5880000,0x00000000d58a0000,0x00000000d5900000)
  to   space 512K, 0% used [0x00000000d5900000,0x00000000d5900000,0x00000000d5980000)
 ParOldGen       total 625664K, used 625187K [0x0000000080000000, 0x00000000a6300000, 0x00000000d5580000)
  object space 625664K, 99% used [0x0000000080000000,0x00000000a6288e58,0x00000000a6300000)
 Metaspace       used 88304K, committed 89920K, reserved 1179648K
  class space    used 8640K, committed 9344K, reserved 1048576K
}
Event: 268728.608 GC heap after
{Heap after GC invocations=6126 (full 8):
 PSYoungGen      total 3072K, used 96K [0x00000000d5580000, 0x00000000d5980000, 0x0000000100000000)
  eden space 2560K, 0% used [0x00000000d5580000,0x00000000d5580000,0x00000000d5800000)
  from space 512K, 18% used [0x00000000d5900000,0x00000000d5918000,0x00000000d5980000)
  to   space 512K, 0% used [0x00000000d5880000,0x00000000d5880000,0x00000000d5900000)
 ParOldGen       total 625664K, used 625203K [0x0000000080000000, 0x00000000a6300000, 0x00000000d5580000)
  object space 625664K, 99% used [0x0000000080000000,0x00000000a628ce58,0x00000000a6300000)
 Metaspace       used 88304K, committed 89920K, reserved 1179648K
  class space    used 8640K, committed 9344K, reserved 1048576K
}

