# JRE version: Java(TM) SE Runtime Environment (17.0.2+8) (build 17.0.2+8-LTS-86)
# Java VM: Java HotSpot(TM) 64-Bit Server VM (17.0.2+8-LTS-86, mixed mode, sharing, tiered, compressed oops, compressed class ptrs, g1 gc, windows-amd64)
GC Precious Log:
 CPUs: 4 total, 4 available
 Memory: 7557M
 Large Page Support: Disabled
 NUMA Support: Disabled
 Compressed Oops: Enabled (32-bit)
 Heap Region Size: 1M
 Heap Min Capacity: 8M
 Heap Initial Capacity: 120M
 Heap Max Capacity: 1890M
 Pre-touch: Disabled
 Parallel Workers: 4
 Concurrent Workers: 1
 Concurrent Refinement Workers: 4
 Periodic GC: Disabled
Heap:
 garbage-first heap   total 128000K, used 54386K [0x0000000089e00000, 0x0000000100000000)
  region size 1024K, 3 young (3072K), 3 survivors (3072K)
 Metaspace       used 37427K, committed 37696K, reserved 1089536K
  class space    used 4293K, committed 4416K, reserved 1048576K
GC Heap History (20 events):
Event: 15.854 GC heap after
{Heap after GC invocations=12 (full 0):
 garbage-first heap   total 94208K, used 20458K [0x0000000089e00000, 0x0000000100000000)
  region size 1024K, 1 young (1024K), 1 survivors (1024K)
 Metaspace       used 25604K, committed 25920K, reserved 1073152K
  class space    used 2989K, committed 3136K, reserved 1048576K
}
Event: 21.061 GC heap before
{Heap before GC invocations=12 (full 0):
 garbage-first heap   total 94208K, used 80874K [0x0000000089e00000, 0x0000000100000000)
  region size 1024K, 53 young (54272K), 1 survivors (1024K)
 Metaspace       used 33606K, committed 33920K, reserved 1081344K
  class space    used 3933K, committed 4096K, reserved 1048576K
}
Event: 21.090 GC heap after
{Heap after GC invocations=13 (full 0):
 garbage-first heap   total 99328K, used 42695K [0x0000000089e00000, 0x0000000100000000)
  region size 1024K, 7 young (7168K), 7 survivors (7168K)
 Metaspace       used 33606K, committed 33920K, reserved 1081344K
  class space    used 3933K, committed 4096K, reserved 1048576K
}
Event: 22.044 GC heap before
{Heap before GC invocations=13 (full 0):
 garbage-first heap   total 99328K, used 72391K [0x0000000089e00000, 0x0000000100000000)
  region size 1024K, 36 young (36864K), 7 survivors (7168K)
 Metaspace       used 34387K, committed 34688K, reserved 1081344K
  class space    used 3998K, committed 4096K, reserved 1048576K
}
Event: 22.067 GC heap after
{Heap after GC invocations=14 (full 0):
 garbage-first heap   total 99328K, used 48271K [0x0000000089e00000, 0x0000000100000000)
  region size 1024K, 5 young (5120K), 5 survivors (5120K)
 Metaspace       used 34387K, committed 34688K, reserved 1081344K
  class space    used 3998K, committed 4096K, reserved 1048576K
}
Event: 23.625 GC heap before
{Heap before GC invocations=14 (full 0):
 garbage-first heap   total 99328K, used 74895K [0x0000000089e00000, 0x0000000100000000)
  region size 1024K, 31 young (31744K), 5 survivors (5120K)
 Metaspace       used 36469K, committed 36800K, reserved 1081344K
  class space    used 4213K, committed 4352K, reserved 1048576K
}
Event: 23.651 GC heap after
{Heap after GC invocations=15 (full 0):
 garbage-first heap   total 119808K, used 51758K [0x0000000089e00000, 0x0000000100000000)
  region size 1024K, 3 young (3072K), 3 survivors (3072K)
 Metaspace       used 36469K, committed 36800K, reserved 1081344K
  class space    used 4213K, committed 4352K, reserved 1048576K
}
Event: 26.518 GC heap before
{Heap before GC invocations=15 (full 0):
 garbage-first heap   total 119808K, used 72238K [0x0000000089e00000, 0x0000000100000000)
  region size 1024K, 21 young (21504K), 3 survivors (3072K)
 Metaspace       used 36636K, committed 37056K, reserved 1089536K
  class space    used 4229K, committed 4416K, reserved 1048576K
}
Event: 26.542 GC heap after
{Heap after GC invocations=16 (full 0):
 garbage-first heap   total 119808K, used 58490K [0x0000000089e00000, 0x0000000100000000)
  region size 1024K, 5 young (5120K), 5 survivors (5120K)
 Metaspace       used 36636K, committed 37056K, reserved 1089536K
  class space    used 4229K, committed 4416K, reserved 1048576K
}
Event: 28.709 GC heap before
{Heap before GC invocations=17 (full 0):
 garbage-first heap   total 119808K, used 89210K [0x0000000089e00000, 0x0000000100000000)
  region size 1024K, 35 young (35840K), 5 survivors (5120K)
 Metaspace       used 36676K, committed 37056K, reserved 1089536K
  class space    used 4229K, committed 4416K, reserved 1048576K
}
Event: 28.731 GC heap after
{Heap after GC invocations=18 (full 0):
 garbage-first heap   total 119808K, used 70468K [0x0000000089e00000, 0x0000000100000000)
  region size 1024K, 5 young (5120K), 5 survivors (5120K)
 Metaspace       used 36676K, committed 37056K, reserved 1089536K
  class space    used 4229K, committed 4416K, reserved 1048576K
}
Event: 28.806 GC heap before
{Heap before GC invocations=18 (full 0):
 garbage-first heap   total 119808K, used 71492K [0x0000000089e00000, 0x0000000100000000)
  region size 1024K, 6 young (6144K), 5 survivors (5120K)
 Metaspace       used 36676K, committed 37056K, reserved 1089536K
  class space    used 4229K, committed 4416K, reserved 1048576K
}
Event: 28.824 GC heap after
{Heap after GC invocations=19 (full 0):
 garbage-first heap   total 119808K, used 63309K [0x0000000089e00000, 0x0000000100000000)
  region size 1024K, 1 young (1024K), 1 survivors (1024K)
 Metaspace       used 36676K, committed 37056K, reserved 1089536K
  class space    used 4229K, committed 4416K, reserved 1048576K
}
Event: 28.944 GC heap before
{Heap before GC invocations=19 (full 0):
 garbage-first heap   total 119808K, used 63309K [0x0000000089e00000, 0x0000000100000000)
  region size 1024K, 2 young (2048K), 1 survivors (1024K)
 Metaspace       used 36676K, committed 37056K, reserved 1089536K
  class space    used 4229K, committed 4416K, reserved 1048576K
}
Event: 28.946 GC heap after
{Heap after GC invocations=20 (full 0):
 garbage-first heap   total 119808K, used 63141K [0x0000000089e00000, 0x0000000100000000)
  region size 1024K, 1 young (1024K), 1 survivors (1024K)
 Metaspace       used 36676K, committed 37056K, reserved 1089536K
  class space    used 4229K, committed 4416K, reserved 1048576K
}
Event: 32.243 GC heap before
{Heap before GC invocations=21 (full 0):
 garbage-first heap   total 119808K, used 87717K [0x0000000089e00000, 0x0000000100000000)
  region size 1024K, 27 young (27648K), 1 survivors (1024K)
 Metaspace       used 36726K, committed 37056K, reserved 1089536K
  class space    used 4230K, committed 4416K, reserved 1048576K
}
Event: 32.253 GC heap after
{Heap after GC invocations=22 (full 0):
 garbage-first heap   total 119808K, used 61567K [0x0000000089e00000, 0x0000000100000000)
  region size 1024K, 4 young (4096K), 4 survivors (4096K)
 Metaspace       used 36726K, committed 37056K, reserved 1089536K
  class space    used 4230K, committed 4416K, reserved 1048576K
}
Event: 33.492 GC heap before
{Heap before GC invocations=22 (full 0):
 garbage-first heap   total 119808K, used 62591K [0x0000000089e00000, 0x0000000100000000)
  region size 1024K, 5 young (5120K), 4 survivors (4096K)
 Metaspace       used 36734K, committed 37056K, reserved 1089536K
  class space    used 4230K, committed 4416K, reserved 1048576K
}
Event: 33.509 GC heap after
{Heap after GC invocations=23 (full 0):
 garbage-first heap   total 119808K, used 52576K [0x0000000089e00000, 0x0000000100000000)
  region size 1024K, 1 young (1024K), 1 survivors (1024K)
 Metaspace       used 36734K, committed 37056K, reserved 1089536K
  class space    used 4230K, committed 4416K, reserved 1048576K
}
Event: 37.112 GC heap before
{Heap before GC invocations=23 (full 0):
 garbage-first heap   total 119808K, used 79200K [0x0000000089e00000, 0x0000000100000000)
  region size 1024K, 27 young (27648K), 1 survivors (1024K)
 Metaspace       used 37427K, committed 37696K, reserved 1089536K
  class space    used 4293K, committed 4416K, reserved 1048576K
}

